<?xml version="1.0" encoding="UTF-8"?>
<!-- Generated by org.testng.reporters.JUnitReportReporter -->
<testsuite hostname="MSI" failures="0" tests="1" name="cucumber.Options.TestRunner" time="5.671" errors="0" timestamp="2023-12-03T08:24:59 IST" skipped="0">
  <testcase classname="cucumber.Options.TestRunner" name="runScenario" time="5.671"/>
</testsuite> <!-- cucumber.Options.TestRunner -->
